[12:21:55] [main/INFO] (FabricLoader/GameProvider) Loading Minecraft 1.20.1 with Fabric Loader 0.15.7
[12:21:55] [main/INFO] (FabricLoader) Loading 59 mods:
	- fabric-api 0.92.2+1.20.1
	- fabric-api-base 0.4.31+1802ada577
	- fabric-api-lookup-api-v1 1.6.36+1802ada577
	- fabric-biome-api-v1 13.0.13+1802ada577
	- fabric-block-api-v1 1.0.11+1802ada577
	- fabric-block-view-api-v2 1.0.1+1802ada577
	- fabric-blockrenderlayer-v1 1.1.41+1802ada577
	- fabric-client-tags-api-v1 1.1.2+1802ada577
	- fabric-command-api-v1 1.2.34+f71b366f77
	- fabric-command-api-v2 2.2.13+1802ada577
	- fabric-commands-v0 0.2.51+df3654b377
	- fabric-containers-v0 0.1.64+df3654b377
	- fabric-content-registries-v0 4.0.11+1802ada577
	- fabric-convention-tags-v1 1.5.5+1802ada577
	- fabric-crash-report-info-v1 0.2.19+1802ada577
	- fabric-data-attachment-api-v1 1.0.0+de0fd6d177
	- fabric-data-generation-api-v1 12.3.4+1802ada577
	- fabric-dimensions-v1 2.1.54+1802ada577
	- fabric-entity-events-v1 1.6.0+1c78457f77
	- fabric-events-interaction-v0 0.6.2+1802ada577
	- fabric-events-lifecycle-v0 0.2.63+df3654b377
	- fabric-game-rule-api-v1 1.0.40+1802ada577
	- fabric-gametest-api-v1 1.2.13+1802ada577
	- fabric-item-api-v1 2.1.28+1802ada577
	- fabric-item-group-api-v1 4.0.12+1802ada577
	- fabric-key-binding-api-v1 1.0.37+1802ada577
	- fabric-keybindings-v0 0.2.35+df3654b377
	- fabric-lifecycle-events-v1 2.2.22+1802ada577
	- fabric-loot-api-v2 1.2.1+1802ada577
	- fabric-loot-tables-v1 1.1.45+9e7660c677
	- fabric-message-api-v1 5.1.9+1802ada577
	- fabric-mining-level-api-v1 2.1.50+1802ada577
	- fabric-model-loading-api-v1 1.0.3+1802ada577
	- fabric-models-v0 0.4.2+9386d8a777
	- fabric-networking-api-v1 1.3.11+1802ada577
	- fabric-networking-v0 0.3.51+df3654b377
	- fabric-object-builder-api-v1 11.1.3+1802ada577
	- fabric-particles-v1 1.1.2+1802ada577
	- fabric-recipe-api-v1 1.0.21+1802ada577
	- fabric-registry-sync-v0 2.3.3+1802ada577
	- fabric-renderer-api-v1 3.2.1+1802ada577
	- fabric-renderer-indigo 1.5.2+85287f9f77
	- fabric-renderer-registries-v1 3.2.46+df3654b377
	- fabric-rendering-data-attachment-v1 0.3.37+92a0d36777
	- fabric-rendering-fluids-v1 3.0.28+1802ada577
	- fabric-rendering-v0 1.1.49+df3654b377
	- fabric-rendering-v1 3.0.8+1802ada577
	- fabric-resource-conditions-api-v1 2.3.8+1802ada577
	- fabric-resource-loader-v0 0.11.10+1802ada577
	- fabric-screen-api-v1 2.0.8+1802ada577
	- fabric-screen-handler-api-v1 1.3.30+1802ada577
	- fabric-sound-api-v1 1.0.13+1802ada577
	- fabric-transfer-api-v1 3.3.5+8dd72ea377
	- fabric-transitive-access-wideners-v1 4.3.1+1802ada577
	- fabricloader 0.15.7
	- java 17
	- minecraft 1.20.1
	- mixinextras 0.3.5
	- neta 1.0
[12:21:55] [main/INFO] (FabricLoader/Mixin) SpongePowered MIXIN Subsystem Version=0.8.5 Source=file:/E:/.gradle/caches/modules-2/files-2.1/net.fabricmc/sponge-mixin/0.12.5+mixin.0.8.5/8d31fb97c3e0cd7c8dad3441851c523bcfae6d8e/sponge-mixin-0.12.5+mixin.0.8.5.jar Service=Knot/Fabric Env=CLIENT
[12:21:56] [main/INFO] (FabricLoader/Mixin) Loaded Fabric development mappings for mixin remapper!
[12:21:56] [main/INFO] (FabricLoader/Mixin) Compatibility level set to JAVA_16
[12:21:56] [main/INFO] (FabricLoader/Mixin) Compatibility level set to JAVA_17
[12:21:58] [main/INFO] (FabricLoader/MixinExtras|Service) Initializing MixinExtras via com.llamalad7.mixinextras.service.MixinExtrasServiceImpl(version=0.3.5).
[12:22:05] [Datafixer Bootstrap/INFO] (Minecraft) 188 Datafixer optimizations took 235 milliseconds
[12:22:09] [Render thread/INFO] (Minecraft) Environment: authHost='https://authserver.mojang.com', accountsHost='https://api.mojang.com', sessionHost='https://sessionserver.mojang.com', servicesHost='https://api.minecraftservices.com', name='PROD'
[12:22:09] [Render thread/ERROR] (Minecraft) Failed to verify authentication
com.mojang.authlib.exceptions.InvalidCredentialsException: Status: 401
	at com.mojang.authlib.exceptions.MinecraftClientHttpException.toAuthenticationException(MinecraftClientHttpException.java:56) ~[authlib-4.0.43.jar:?]
	at com.mojang.authlib.yggdrasil.YggdrasilUserApiService.fetchProperties(YggdrasilUserApiService.java:156) ~[authlib-4.0.43.jar:?]
	at com.mojang.authlib.yggdrasil.YggdrasilUserApiService.<init>(YggdrasilUserApiService.java:55) ~[authlib-4.0.43.jar:?]
	at com.mojang.authlib.yggdrasil.YggdrasilAuthenticationService.createUserApiService(YggdrasilAuthenticationService.java:124) ~[authlib-4.0.43.jar:?]
	at net.minecraft.client.MinecraftClient.createUserApiService(MinecraftClient.java:733) ~[minecraft-merged-4060f3af86-1.20.1-net.fabricmc.yarn.1_20_1.1.20.1+build.10-v2.jar:?]
	at net.minecraft.client.MinecraftClient.<init>(MinecraftClient.java:442) ~[minecraft-merged-4060f3af86-1.20.1-net.fabricmc.yarn.1_20_1.1.20.1+build.10-v2.jar:?]
	at net.minecraft.client.main.Main.main(Main.java:211) ~[minecraft-merged-4060f3af86-1.20.1-net.fabricmc.yarn.1_20_1.1.20.1+build.10-v2.jar:?]
	at net.fabricmc.loader.impl.game.minecraft.MinecraftGameProvider.launch(MinecraftGameProvider.java:470) ~[fabric-loader-0.15.7.jar:?]
	at net.fabricmc.loader.impl.launch.knot.Knot.launch(Knot.java:74) ~[fabric-loader-0.15.7.jar:?]
	at net.fabricmc.loader.impl.launch.knot.KnotClient.main(KnotClient.java:23) ~[fabric-loader-0.15.7.jar:?]
	at net.fabricmc.devlaunchinjector.Main.main(Main.java:86) ~[dev-launch-injector-0.2.1+build.8.jar:?]
Caused by: com.mojang.authlib.exceptions.MinecraftClientHttpException: Status: 401
	at com.mojang.authlib.minecraft.client.MinecraftClient.readInputStream(MinecraftClient.java:85) ~[authlib-4.0.43.jar:?]
	at com.mojang.authlib.minecraft.client.MinecraftClient.get(MinecraftClient.java:48) ~[authlib-4.0.43.jar:?]
	at com.mojang.authlib.yggdrasil.YggdrasilUserApiService.fetchProperties(YggdrasilUserApiService.java:129) ~[authlib-4.0.43.jar:?]
	... 9 more
[12:22:09] [Render thread/INFO] (Minecraft) Setting user: Player65
[12:22:10] [Render thread/INFO] (Indigo) [Indigo] Registering Indigo renderer!
[12:22:11] [Render thread/INFO] (Minecraft) Backend library: LWJGL version 3.3.1 SNAPSHOT
[12:22:12] [Render thread/INFO] (Minecraft) Reloading ResourceManager: vanilla, fabric (fabric-entity-events-v1, fabric-renderer-api-v1, fabric-loot-tables-v1, fabric-rendering-data-attachment-v1, fabric-commands-v0, fabric-block-api-v1, fabric-content-registries-v0, fabric-recipe-api-v1, fabric-client-tags-api-v1, fabric-renderer-registries-v1, fabric-command-api-v1, fabric-game-rule-api-v1, fabric-crash-report-info-v1, fabric-message-api-v1, fabric-transfer-api-v1, fabric-api-base, fabric-key-binding-api-v1, fabric-rendering-v0, fabric-sound-api-v1, fabric-resource-conditions-api-v1, fabric-gametest-api-v1, fabric-loot-api-v2, fabric-data-attachment-api-v1, fabric-events-lifecycle-v0, fabric-item-group-api-v1, fabric-blockrenderlayer-v1, fabric-item-api-v1, fabric-networking-api-v1, fabric-containers-v0, fabric-convention-tags-v1, fabric-resource-loader-v0, fabric-events-interaction-v0, fabricloader, fabric-transitive-access-wideners-v1, fabric-registry-sync-v0, fabric-block-view-api-v2, fabric-keybindings-v0, fabric-biome-api-v1, fabric-model-loading-api-v1, fabric-data-generation-api-v1, fabric-mining-level-api-v1, fabric-object-builder-api-v1, fabric-lifecycle-events-v1, fabric-api-lookup-api-v1, fabric-screen-api-v1, fabric-screen-handler-api-v1, fabric-rendering-v1, fabric-rendering-fluids-v1, fabric-api, fabric-dimensions-v1, fabric-networking-v0, fabric-particles-v1, fabric-command-api-v2, fabric-models-v0, fabric-renderer-indigo)
[12:22:13] [Worker-Main-4/INFO] (Minecraft) Found unifont_all_no_pua-15.0.06.hex, loading
[12:22:14] [Render thread/WARN] (Minecraft) Missing sound for event: minecraft:item.goat_horn.play
[12:22:14] [Render thread/WARN] (Minecraft) Missing sound for event: minecraft:entity.goat.screaming.horn_break
[12:22:15] [Render thread/INFO] (Minecraft) OpenAL initialized on device OpenAL Soft on ÑïÉùÆ÷ (Realtek High Definition Audio)
[12:22:15] [Render thread/INFO] (Minecraft) Sound engine started
[12:22:15] [Render thread/INFO] (Minecraft) Created: 1024x512x4 minecraft:textures/atlas/blocks.png-atlas
[12:22:15] [Render thread/INFO] (Minecraft) Created: 256x256x4 minecraft:textures/atlas/signs.png-atlas
[12:22:15] [Render thread/INFO] (Minecraft) Created: 512x512x4 minecraft:textures/atlas/banner_patterns.png-atlas
[12:22:15] [Render thread/INFO] (Minecraft) Created: 512x512x4 minecraft:textures/atlas/shield_patterns.png-atlas
[12:22:15] [Render thread/INFO] (Minecraft) Created: 1024x1024x4 minecraft:textures/atlas/armor_trims.png-atlas
[12:22:16] [Render thread/INFO] (Minecraft) Created: 256x256x4 minecraft:textures/atlas/chest.png-atlas
[12:22:16] [Render thread/INFO] (Minecraft) Created: 128x64x4 minecraft:textures/atlas/decorated_pot.png-atlas
[12:22:16] [Render thread/INFO] (Minecraft) Created: 512x256x4 minecraft:textures/atlas/beds.png-atlas
[12:22:16] [Render thread/INFO] (Minecraft) Created: 512x256x4 minecraft:textures/atlas/shulker_boxes.png-atlas
[12:22:17] [Render thread/WARN] (Minecraft) Shader rendertype_entity_translucent_emissive could not find sampler named Sampler2 in the specified shader program.
[12:22:18] [Render thread/INFO] (Minecraft) Created: 256x256x0 minecraft:textures/atlas/particles.png-atlas
[12:22:18] [Render thread/INFO] (Minecraft) Created: 256x256x0 minecraft:textures/atlas/paintings.png-atlas
[12:22:18] [Render thread/INFO] (Minecraft) Created: 128x128x0 minecraft:textures/atlas/mob_effects.png-atlas
[12:22:23] [Realms Notification Availability checker #1/INFO] (Minecraft) Could not authorize you against Realms server: Invalid session id
[12:22:26] [Render thread/INFO] (Minecraft) Loaded 7 recipes
[12:22:26] [Render thread/INFO] (Minecraft) Loaded 1271 advancements
[12:22:30] [Render thread/INFO] (BiomeModificationImpl) Applied 0 biome modifications to 0 of 64 new biomes in 2.123 ms
[12:22:30] [Server thread/INFO] (Minecraft) Starting integrated minecraft server version 1.20.1
[12:22:30] [Server thread/INFO] (Minecraft) Generating keypair
[12:22:34] [Server thread/INFO] (Minecraft) Preparing start region for dimension minecraft:overworld
[12:22:35] [Render thread/INFO] (Minecraft) Preparing spawn area: 0%
[12:22:35] [Render thread/INFO] (Minecraft) Preparing spawn area: 0%
[12:22:35] [Render thread/INFO] (Minecraft) Preparing spawn area: 0%
[12:22:36] [Render thread/INFO] (Minecraft) Preparing spawn area: 0%
[12:22:36] [Render thread/INFO] (Minecraft) Preparing spawn area: 0%
[12:22:37] [Render thread/INFO] (Minecraft) Preparing spawn area: 0%
[12:22:37] [Render thread/INFO] (Minecraft) Preparing spawn area: 0%
[12:22:38] [Render thread/INFO] (Minecraft) Preparing spawn area: 1%
[12:22:38] [Render thread/INFO] (Minecraft) Preparing spawn area: 2%
[12:22:39] [Render thread/INFO] (Minecraft) Preparing spawn area: 4%
[12:22:39] [Render thread/INFO] (Minecraft) Preparing spawn area: 5%
[12:22:40] [Render thread/INFO] (Minecraft) Preparing spawn area: 7%
[12:22:40] [Render thread/INFO] (Minecraft) Preparing spawn area: 9%
[12:22:41] [Render thread/INFO] (Minecraft) Preparing spawn area: 10%
[12:22:41] [Render thread/INFO] (Minecraft) Preparing spawn area: 12%
[12:22:42] [Render thread/INFO] (Minecraft) Preparing spawn area: 15%
[12:22:44] [Render thread/INFO] (Minecraft) Preparing spawn area: 16%
[12:22:44] [Render thread/INFO] (Minecraft) Preparing spawn area: 16%
[12:22:44] [Render thread/INFO] (Minecraft) Preparing spawn area: 17%
[12:22:44] [Render thread/INFO] (Minecraft) Preparing spawn area: 17%
[12:22:44] [Render thread/INFO] (Minecraft) Preparing spawn area: 17%
[12:22:45] [Render thread/INFO] (Minecraft) Preparing spawn area: 21%
[12:22:45] [Render thread/INFO] (Minecraft) Preparing spawn area: 22%
[12:22:46] [Render thread/INFO] (Minecraft) Preparing spawn area: 23%
[12:22:46] [Render thread/INFO] (Minecraft) Preparing spawn area: 25%
[12:22:47] [Render thread/INFO] (Minecraft) Preparing spawn area: 28%
[12:22:47] [Render thread/INFO] (Minecraft) Preparing spawn area: 31%
[12:22:48] [Render thread/INFO] (Minecraft) Preparing spawn area: 33%
[12:22:48] [Render thread/INFO] (Minecraft) Preparing spawn area: 37%
[12:22:49] [Render thread/INFO] (Minecraft) Preparing spawn area: 39%
[12:22:49] [Render thread/INFO] (Minecraft) Preparing spawn area: 41%
[12:22:50] [Render thread/INFO] (Minecraft) Preparing spawn area: 43%
[12:22:50] [Render thread/INFO] (Minecraft) Preparing spawn area: 44%
[12:22:51] [Render thread/INFO] (Minecraft) Preparing spawn area: 45%
[12:22:51] [Render thread/INFO] (Minecraft) Preparing spawn area: 48%
[12:22:52] [Render thread/INFO] (Minecraft) Preparing spawn area: 50%
[12:22:52] [Render thread/INFO] (Minecraft) Preparing spawn area: 52%
[12:22:53] [Render thread/INFO] (Minecraft) Preparing spawn area: 54%
[12:22:53] [Render thread/INFO] (Minecraft) Preparing spawn area: 55%
[12:22:54] [Render thread/INFO] (Minecraft) Preparing spawn area: 58%
[12:22:54] [Render thread/INFO] (Minecraft) Preparing spawn area: 60%
[12:22:55] [Render thread/INFO] (Minecraft) Preparing spawn area: 62%
[12:22:55] [Render thread/INFO] (Minecraft) Preparing spawn area: 65%
[12:22:56] [Render thread/INFO] (Minecraft) Preparing spawn area: 68%
[12:22:56] [Render thread/INFO] (Minecraft) Preparing spawn area: 69%
[12:22:57] [Render thread/INFO] (Minecraft) Preparing spawn area: 71%
[12:22:57] [Render thread/INFO] (Minecraft) Preparing spawn area: 74%
[12:22:58] [Render thread/INFO] (Minecraft) Preparing spawn area: 75%
[12:22:58] [Render thread/INFO] (Minecraft) Preparing spawn area: 79%
[12:22:59] [Render thread/INFO] (Minecraft) Preparing spawn area: 82%
[12:22:59] [Render thread/INFO] (Minecraft) Preparing spawn area: 84%
[12:23:00] [Render thread/INFO] (Minecraft) Preparing spawn area: 85%
[12:23:00] [Render thread/INFO] (Minecraft) Preparing spawn area: 85%
[12:23:01] [Render thread/INFO] (Minecraft) Preparing spawn area: 87%
[12:23:01] [Render thread/INFO] (Minecraft) Preparing spawn area: 90%
[12:23:02] [Render thread/INFO] (Minecraft) Preparing spawn area: 93%
[12:23:02] [Render thread/INFO] (Minecraft) Preparing spawn area: 96%
[12:23:03] [Render thread/INFO] (Minecraft) Time elapsed: 28449 ms
[12:23:03] [Server thread/INFO] (Minecraft) Changing view distance to 12, from 10
[12:23:03] [Server thread/INFO] (Minecraft) Changing simulation distance to 12, from 0
[12:23:04] [Server thread/INFO] (Minecraft) Player65[local:E:b2b32aee] logged in with entity id 169 at (-6.5, 72.0, 3.5)
[12:23:05] [Server thread/INFO] (Minecraft) Player65 joined the game
[12:23:05] [Server thread/WARN] (Minecraft) Can't keep up! Is the server overloaded? Running 2312ms or 46 ticks behind
[12:23:05] [Render thread/INFO] (Minecraft) Loaded 2 advancements
[12:23:06] [Server thread/INFO] (Minecraft) Saving and pausing game...
[12:23:07] [Server thread/INFO] (Minecraft) Saving chunks for level 'ServerLevel[New World]'/minecraft:overworld
[12:23:08] [Server thread/INFO] (Minecraft) Saving chunks for level 'ServerLevel[New World]'/minecraft:the_end
[12:23:08] [Server thread/INFO] (Minecraft) Saving chunks for level 'ServerLevel[New World]'/minecraft:the_nether
[12:23:10] [Server thread/INFO] (Minecraft) [Player65: Set own game mode to Creative Mode]
[12:23:10] [Render thread/INFO] (Minecraft) [System] [CHAT] Set own game mode to Creative Mode
[12:23:16] [Server thread/INFO] (Minecraft) [Player65: Gave 1 [Enchanting Table] to Player65]
[12:23:16] [Render thread/INFO] (Minecraft) [System] [CHAT] Gave 1 [Enchanting Table] to Player65
[12:23:40] [Server thread/INFO] (Minecraft) Saving and pausing game...
[12:23:40] [Server thread/INFO] (Minecraft) Saving chunks for level 'ServerLevel[New World]'/minecraft:overworld
[12:23:40] [Server thread/INFO] (Minecraft) Saving chunks for level 'ServerLevel[New World]'/minecraft:the_end
[12:23:40] [Server thread/INFO] (Minecraft) Saving chunks for level 'ServerLevel[New World]'/minecraft:the_nether
[12:23:58] [Server thread/INFO] (Minecraft) Saving and pausing game...
[12:23:58] [Server thread/INFO] (Minecraft) Saving chunks for level 'ServerLevel[New World]'/minecraft:overworld
[12:23:58] [Server thread/INFO] (Minecraft) Saving chunks for level 'ServerLevel[New World]'/minecraft:the_end
[12:23:58] [Server thread/INFO] (Minecraft) Saving chunks for level 'ServerLevel[New World]'/minecraft:the_nether
[12:23:59] [Server thread/INFO] (Minecraft) Player65 lost connection: Disconnected
[12:23:59] [Server thread/INFO] (Minecraft) Player65 left the game
[12:23:59] [Server thread/INFO] (Minecraft) Stopping singleplayer server as player logged out
[12:23:59] [Server thread/INFO] (Minecraft) Stopping server
[12:23:59] [Server thread/INFO] (Minecraft) Saving players
[12:23:59] [Server thread/INFO] (Minecraft) Saving worlds
[12:24:00] [Server thread/INFO] (Minecraft) Saving chunks for level 'ServerLevel[New World]'/minecraft:overworld
[12:24:08] [Server thread/INFO] (Minecraft) Saving chunks for level 'ServerLevel[New World]'/minecraft:the_end
[12:24:08] [Server thread/INFO] (Minecraft) Saving chunks for level 'ServerLevel[New World]'/minecraft:the_nether
[12:24:08] [Server thread/INFO] (Minecraft) ThreadedAnvilChunkStorage (New World): All chunks are saved
[12:24:08] [Server thread/INFO] (Minecraft) ThreadedAnvilChunkStorage (DIM1): All chunks are saved
[12:24:08] [Server thread/INFO] (Minecraft) ThreadedAnvilChunkStorage (DIM-1): All chunks are saved
[12:24:08] [Server thread/INFO] (Minecraft) ThreadedAnvilChunkStorage: All dimensions are saved
[12:24:13] [Render thread/INFO] (Minecraft) Stopping!
